<?xml version="1.0" encoding="UTF-8"?>
<testsuite xmlns:xsi="http://www.w3.org/2001/XMLSchema-instance" xsi:noNamespaceSchemaLocation="https://maven.apache.org/surefire/maven-surefire-plugin/xsd/surefire-test-report.xsd" name="com.school.starter.MySchoolTest" time="1.294" tests="1" errors="0" skipped="0" failures="0">
  <properties>
    <property name="sun.desktop" value="gnome"/>
    <property name="awt.toolkit" value="sun.awt.X11.XToolkit"/>
    <property name="file.encoding.pkg" value="sun.io"/>
    <property name="java.specification.version" value="1.8"/>
    <property name="sun.cpu.isalist" value=""/>
    <property name="sun.jnu.encoding" value="UTF-8"/>
    <property name="java.class.path" value="/home/nan/idea-workspace/JAVA-000/Week_05/schoolStart/target/test-classes:/home/nan/idea-workspace/JAVA-000/Week_05/schoolStart/target/classes:/opt/repo/org/springframework/boot/spring-boot-autoconfigure/2.1.5.RELEASE/spring-boot-autoconfigure-2.1.5.RELEASE.jar:/opt/repo/org/springframework/boot/spring-boot/2.4.0/spring-boot-2.4.0.jar:/opt/repo/org/springframework/spring-context/5.3.1/spring-context-5.3.1.jar:/opt/repo/org/springframework/spring-aop/5.3.1/spring-aop-5.3.1.jar:/opt/repo/org/springframework/spring-beans/5.3.1/spring-beans-5.3.1.jar:/opt/repo/org/springframework/spring-expression/5.3.1/spring-expression-5.3.1.jar:/opt/repo/org/springframework/boot/spring-boot-autoconfigure-processor/2.4.0/spring-boot-autoconfigure-processor-2.4.0.jar:/opt/repo/org/springframework/boot/spring-boot-starter-test/2.4.0/spring-boot-starter-test-2.4.0.jar:/opt/repo/org/springframework/boot/spring-boot-starter/2.4.0/spring-boot-starter-2.4.0.jar:/opt/repo/org/springframework/boot/spring-boot-starter-logging/2.4.0/spring-boot-starter-logging-2.4.0.jar:/opt/repo/ch/qos/logback/logback-classic/1.2.3/logback-classic-1.2.3.jar:/opt/repo/ch/qos/logback/logback-core/1.2.3/logback-core-1.2.3.jar:/opt/repo/org/apache/logging/log4j/log4j-to-slf4j/2.13.3/log4j-to-slf4j-2.13.3.jar:/opt/repo/org/apache/logging/log4j/log4j-api/2.13.3/log4j-api-2.13.3.jar:/opt/repo/org/slf4j/jul-to-slf4j/1.7.30/jul-to-slf4j-1.7.30.jar:/opt/repo/jakarta/annotation/jakarta.annotation-api/1.3.5/jakarta.annotation-api-1.3.5.jar:/opt/repo/org/yaml/snakeyaml/1.27/snakeyaml-1.27.jar:/opt/repo/org/springframework/boot/spring-boot-test/2.4.0/spring-boot-test-2.4.0.jar:/opt/repo/org/springframework/boot/spring-boot-test-autoconfigure/2.4.0/spring-boot-test-autoconfigure-2.4.0.jar:/opt/repo/com/jayway/jsonpath/json-path/2.4.0/json-path-2.4.0.jar:/opt/repo/net/minidev/json-smart/2.3/json-smart-2.3.jar:/opt/repo/net/minidev/accessors-smart/1.2/accessors-smart-1.2.jar:/opt/repo/org/ow2/asm/asm/5.0.4/asm-5.0.4.jar:/opt/repo/org/slf4j/slf4j-api/1.7.30/slf4j-api-1.7.30.jar:/opt/repo/jakarta/xml/bind/jakarta.xml.bind-api/2.3.3/jakarta.xml.bind-api-2.3.3.jar:/opt/repo/jakarta/activation/jakarta.activation-api/1.2.2/jakarta.activation-api-1.2.2.jar:/opt/repo/org/assertj/assertj-core/3.18.1/assertj-core-3.18.1.jar:/opt/repo/org/hamcrest/hamcrest/2.2/hamcrest-2.2.jar:/opt/repo/org/junit/jupiter/junit-jupiter/5.7.0/junit-jupiter-5.7.0.jar:/opt/repo/org/junit/jupiter/junit-jupiter-api/5.7.0/junit-jupiter-api-5.7.0.jar:/opt/repo/org/apiguardian/apiguardian-api/1.1.0/apiguardian-api-1.1.0.jar:/opt/repo/org/opentest4j/opentest4j/1.2.0/opentest4j-1.2.0.jar:/opt/repo/org/junit/platform/junit-platform-commons/1.7.0/junit-platform-commons-1.7.0.jar:/opt/repo/org/junit/jupiter/junit-jupiter-params/5.7.0/junit-jupiter-params-5.7.0.jar:/opt/repo/org/junit/jupiter/junit-jupiter-engine/5.7.0/junit-jupiter-engine-5.7.0.jar:/opt/repo/org/junit/platform/junit-platform-engine/1.7.0/junit-platform-engine-1.7.0.jar:/opt/repo/org/mockito/mockito-core/3.6.0/mockito-core-3.6.0.jar:/opt/repo/net/bytebuddy/byte-buddy/1.10.18/byte-buddy-1.10.18.jar:/opt/repo/net/bytebuddy/byte-buddy-agent/1.10.18/byte-buddy-agent-1.10.18.jar:/opt/repo/org/objenesis/objenesis/3.1/objenesis-3.1.jar:/opt/repo/org/mockito/mockito-junit-jupiter/3.6.0/mockito-junit-jupiter-3.6.0.jar:/opt/repo/org/skyscreamer/jsonassert/1.5.0/jsonassert-1.5.0.jar:/opt/repo/com/vaadin/external/google/android-json/0.0.20131108.vaadin1/android-json-0.0.20131108.vaadin1.jar:/opt/repo/org/springframework/spring-core/5.3.1/spring-core-5.3.1.jar:/opt/repo/org/springframework/spring-jcl/5.3.1/spring-jcl-5.3.1.jar:/opt/repo/org/springframework/spring-test/5.3.1/spring-test-5.3.1.jar:/opt/repo/org/xmlunit/xmlunit-core/2.7.0/xmlunit-core-2.7.0.jar:/opt/repo/com/google/code/gson/gson/2.8.6/gson-2.8.6.jar:/opt/repo/org/projectlombok/lombok/1.18.16/lombok-1.18.16.jar:"/>
    <property name="java.vm.vendor" value="Oracle Corporation"/>
    <property name="sun.arch.data.model" value="64"/>
    <property name="java.vendor.url" value="http://java.oracle.com/"/>
    <property name="user.timezone" value=""/>
    <property name="java.vm.specification.version" value="1.8"/>
    <property name="os.name" value="Linux"/>
    <property name="user.country" value="CN"/>
    <property name="sun.java.launcher" value="SUN_STANDARD"/>
    <property name="sun.boot.library.path" value="/home/nan/env/jdk1.8.0_144/jre/lib/amd64"/>
    <property name="sun.java.command" value="/home/nan/idea-workspace/JAVA-000/Week_05/schoolStart/target/surefire/surefirebooter4385551896901177026.jar /home/nan/idea-workspace/JAVA-000/Week_05/schoolStart/target/surefire 2020-11-19T01-02-24_131-jvmRun1 surefire1049068058853126120tmp surefire_02121074341549237509tmp"/>
    <property name="surefire.test.class.path" value="/home/nan/idea-workspace/JAVA-000/Week_05/schoolStart/target/test-classes:/home/nan/idea-workspace/JAVA-000/Week_05/schoolStart/target/classes:/opt/repo/org/springframework/boot/spring-boot-autoconfigure/2.1.5.RELEASE/spring-boot-autoconfigure-2.1.5.RELEASE.jar:/opt/repo/org/springframework/boot/spring-boot/2.4.0/spring-boot-2.4.0.jar:/opt/repo/org/springframework/spring-context/5.3.1/spring-context-5.3.1.jar:/opt/repo/org/springframework/spring-aop/5.3.1/spring-aop-5.3.1.jar:/opt/repo/org/springframework/spring-beans/5.3.1/spring-beans-5.3.1.jar:/opt/repo/org/springframework/spring-expression/5.3.1/spring-expression-5.3.1.jar:/opt/repo/org/springframework/boot/spring-boot-autoconfigure-processor/2.4.0/spring-boot-autoconfigure-processor-2.4.0.jar:/opt/repo/org/springframework/boot/spring-boot-starter-test/2.4.0/spring-boot-starter-test-2.4.0.jar:/opt/repo/org/springframework/boot/spring-boot-starter/2.4.0/spring-boot-starter-2.4.0.jar:/opt/repo/org/springframework/boot/spring-boot-starter-logging/2.4.0/spring-boot-starter-logging-2.4.0.jar:/opt/repo/ch/qos/logback/logback-classic/1.2.3/logback-classic-1.2.3.jar:/opt/repo/ch/qos/logback/logback-core/1.2.3/logback-core-1.2.3.jar:/opt/repo/org/apache/logging/log4j/log4j-to-slf4j/2.13.3/log4j-to-slf4j-2.13.3.jar:/opt/repo/org/apache/logging/log4j/log4j-api/2.13.3/log4j-api-2.13.3.jar:/opt/repo/org/slf4j/jul-to-slf4j/1.7.30/jul-to-slf4j-1.7.30.jar:/opt/repo/jakarta/annotation/jakarta.annotation-api/1.3.5/jakarta.annotation-api-1.3.5.jar:/opt/repo/org/yaml/snakeyaml/1.27/snakeyaml-1.27.jar:/opt/repo/org/springframework/boot/spring-boot-test/2.4.0/spring-boot-test-2.4.0.jar:/opt/repo/org/springframework/boot/spring-boot-test-autoconfigure/2.4.0/spring-boot-test-autoconfigure-2.4.0.jar:/opt/repo/com/jayway/jsonpath/json-path/2.4.0/json-path-2.4.0.jar:/opt/repo/net/minidev/json-smart/2.3/json-smart-2.3.jar:/opt/repo/net/minidev/accessors-smart/1.2/accessors-smart-1.2.jar:/opt/repo/org/ow2/asm/asm/5.0.4/asm-5.0.4.jar:/opt/repo/org/slf4j/slf4j-api/1.7.30/slf4j-api-1.7.30.jar:/opt/repo/jakarta/xml/bind/jakarta.xml.bind-api/2.3.3/jakarta.xml.bind-api-2.3.3.jar:/opt/repo/jakarta/activation/jakarta.activation-api/1.2.2/jakarta.activation-api-1.2.2.jar:/opt/repo/org/assertj/assertj-core/3.18.1/assertj-core-3.18.1.jar:/opt/repo/org/hamcrest/hamcrest/2.2/hamcrest-2.2.jar:/opt/repo/org/junit/jupiter/junit-jupiter/5.7.0/junit-jupiter-5.7.0.jar:/opt/repo/org/junit/jupiter/junit-jupiter-api/5.7.0/junit-jupiter-api-5.7.0.jar:/opt/repo/org/apiguardian/apiguardian-api/1.1.0/apiguardian-api-1.1.0.jar:/opt/repo/org/opentest4j/opentest4j/1.2.0/opentest4j-1.2.0.jar:/opt/repo/org/junit/platform/junit-platform-commons/1.7.0/junit-platform-commons-1.7.0.jar:/opt/repo/org/junit/jupiter/junit-jupiter-params/5.7.0/junit-jupiter-params-5.7.0.jar:/opt/repo/org/junit/jupiter/junit-jupiter-engine/5.7.0/junit-jupiter-engine-5.7.0.jar:/opt/repo/org/junit/platform/junit-platform-engine/1.7.0/junit-platform-engine-1.7.0.jar:/opt/repo/org/mockito/mockito-core/3.6.0/mockito-core-3.6.0.jar:/opt/repo/net/bytebuddy/byte-buddy/1.10.18/byte-buddy-1.10.18.jar:/opt/repo/net/bytebuddy/byte-buddy-agent/1.10.18/byte-buddy-agent-1.10.18.jar:/opt/repo/org/objenesis/objenesis/3.1/objenesis-3.1.jar:/opt/repo/org/mockito/mockito-junit-jupiter/3.6.0/mockito-junit-jupiter-3.6.0.jar:/opt/repo/org/skyscreamer/jsonassert/1.5.0/jsonassert-1.5.0.jar:/opt/repo/com/vaadin/external/google/android-json/0.0.20131108.vaadin1/android-json-0.0.20131108.vaadin1.jar:/opt/repo/org/springframework/spring-core/5.3.1/spring-core-5.3.1.jar:/opt/repo/org/springframework/spring-jcl/5.3.1/spring-jcl-5.3.1.jar:/opt/repo/org/springframework/spring-test/5.3.1/spring-test-5.3.1.jar:/opt/repo/org/xmlunit/xmlunit-core/2.7.0/xmlunit-core-2.7.0.jar:/opt/repo/com/google/code/gson/gson/2.8.6/gson-2.8.6.jar:/opt/repo/org/projectlombok/lombok/1.18.16/lombok-1.18.16.jar:"/>
    <property name="sun.cpu.endian" value="little"/>
    <property name="user.home" value="/home/nan"/>
    <property name="user.language" value="zh"/>
    <property name="java.specification.vendor" value="Oracle Corporation"/>
    <property name="java.home" value="/home/nan/env/jdk1.8.0_144/jre"/>
    <property name="basedir" value="/home/nan/idea-workspace/JAVA-000/Week_05/schoolStart"/>
    <property name="file.separator" value="/"/>
    <property name="line.separator" value="&#10;"/>
    <property name="java.vm.specification.vendor" value="Oracle Corporation"/>
    <property name="java.specification.name" value="Java Platform API Specification"/>
    <property name="java.awt.graphicsenv" value="sun.awt.X11GraphicsEnvironment"/>
    <property name="surefire.real.class.path" value="/home/nan/idea-workspace/JAVA-000/Week_05/schoolStart/target/surefire/surefirebooter4385551896901177026.jar"/>
    <property name="sun.boot.class.path" value="/home/nan/env/jdk1.8.0_144/jre/lib/resources.jar:/home/nan/env/jdk1.8.0_144/jre/lib/rt.jar:/home/nan/env/jdk1.8.0_144/jre/lib/sunrsasign.jar:/home/nan/env/jdk1.8.0_144/jre/lib/jsse.jar:/home/nan/env/jdk1.8.0_144/jre/lib/jce.jar:/home/nan/env/jdk1.8.0_144/jre/lib/charsets.jar:/home/nan/env/jdk1.8.0_144/jre/lib/jfr.jar:/home/nan/env/jdk1.8.0_144/jre/classes"/>
    <property name="sun.management.compiler" value="HotSpot 64-Bit Tiered Compilers"/>
    <property name="java.runtime.version" value="1.8.0_144-b01"/>
    <property name="user.name" value="nan"/>
    <property name="path.separator" value=":"/>
    <property name="os.version" value="5.0.0-13-generic"/>
    <property name="java.endorsed.dirs" value="/home/nan/env/jdk1.8.0_144/jre/lib/endorsed"/>
    <property name="java.runtime.name" value="Java(TM) SE Runtime Environment"/>
    <property name="file.encoding" value="UTF-8"/>
    <property name="java.vm.name" value="Java HotSpot(TM) 64-Bit Server VM"/>
    <property name="localRepository" value="/opt/repo"/>
    <property name="java.vendor.url.bug" value="http://bugreport.sun.com/bugreport/"/>
    <property name="java.io.tmpdir" value="/tmp"/>
    <property name="java.version" value="1.8.0_144"/>
    <property name="user.dir" value="/home/nan/idea-workspace/JAVA-000/Week_05/schoolStart"/>
    <property name="os.arch" value="amd64"/>
    <property name="java.vm.specification.name" value="Java Virtual Machine Specification"/>
    <property name="java.awt.printerjob" value="sun.print.PSPrinterJob"/>
    <property name="sun.os.patch.level" value="unknown"/>
    <property name="java.library.path" value="/usr/java/packages/lib/amd64:/usr/lib64:/lib64:/lib:/usr/lib"/>
    <property name="java.vm.info" value="mixed mode"/>
    <property name="java.vendor" value="Oracle Corporation"/>
    <property name="java.vm.version" value="25.144-b01"/>
    <property name="java.ext.dirs" value="/home/nan/env/jdk1.8.0_144/jre/lib/ext:/usr/java/packages/lib/ext"/>
    <property name="sun.io.unicode.encoding" value="UnicodeLittle"/>
    <property name="java.class.version" value="52.0"/>
  </properties>
  <testcase name="test" classname="com.school.starter.MySchoolTest" time="0.289"/>
</testsuite>